2025-07-23 07:25:27,582 [INFO] members.views: Logging started!
2025-07-23 07:27:27,940 [DEBUG] PIL.PngImagePlugin: STREAM b'IHDR' 16 13
2025-07-23 07:27:27,941 [DEBUG] PIL.PngImagePlugin: STREAM b'iCCP' 41 264
2025-07-23 07:27:27,941 [DEBUG] PIL.PngImagePlugin: iCCP profile name b'ICC Profile'
2025-07-23 07:27:27,941 [DEBUG] PIL.PngImagePlugin: Compression method 0
2025-07-23 07:27:27,942 [DEBUG] PIL.PngImagePlugin: STREAM b'IDAT' 317 65536
2025-07-23 07:27:27,942 [DEBUG] PIL.PngImagePlugin: STREAM b'IHDR' 16 13
2025-07-23 07:27:27,943 [DEBUG] PIL.PngImagePlugin: STREAM b'iCCP' 41 264
2025-07-23 07:27:27,944 [DEBUG] PIL.PngImagePlugin: iCCP profile name b'ICC Profile'
2025-07-23 07:27:27,944 [DEBUG] PIL.PngImagePlugin: Compression method 0
2025-07-23 07:27:27,945 [DEBUG] PIL.PngImagePlugin: STREAM b'IDAT' 317 65536
2025-07-23 07:27:28,699 [DEBUG] PIL.Image: Importing AvifImagePlugin
2025-07-23 07:27:28,815 [DEBUG] PIL.Image: Importing BlpImagePlugin
2025-07-23 07:27:28,834 [DEBUG] PIL.Image: Importing BmpImagePlugin
2025-07-23 07:27:28,834 [DEBUG] PIL.Image: Importing BufrStubImagePlugin
2025-07-23 07:27:28,836 [DEBUG] PIL.Image: Importing CurImagePlugin
2025-07-23 07:27:28,838 [DEBUG] PIL.Image: Importing DcxImagePlugin
2025-07-23 07:27:28,859 [DEBUG] PIL.Image: Importing DdsImagePlugin
2025-07-23 07:27:28,866 [DEBUG] PIL.Image: Importing EpsImagePlugin
2025-07-23 07:27:28,869 [DEBUG] PIL.Image: Importing FitsImagePlugin
2025-07-23 07:27:28,870 [DEBUG] PIL.Image: Importing FliImagePlugin
2025-07-23 07:27:28,872 [DEBUG] PIL.Image: Importing FpxImagePlugin
2025-07-23 07:27:28,887 [DEBUG] PIL.Image: Image: failed to import FpxImagePlugin: No module named 'olefile'
2025-07-23 07:27:28,887 [DEBUG] PIL.Image: Importing FtexImagePlugin
2025-07-23 07:27:28,890 [DEBUG] PIL.Image: Importing GbrImagePlugin
2025-07-23 07:27:28,893 [DEBUG] PIL.Image: Importing GifImagePlugin
2025-07-23 07:27:28,894 [DEBUG] PIL.Image: Importing GribStubImagePlugin
2025-07-23 07:27:28,896 [DEBUG] PIL.Image: Importing Hdf5StubImagePlugin
2025-07-23 07:27:28,898 [DEBUG] PIL.Image: Importing IcnsImagePlugin
2025-07-23 07:27:28,918 [DEBUG] PIL.Image: Importing IcoImagePlugin
2025-07-23 07:27:28,921 [DEBUG] PIL.Image: Importing ImImagePlugin
2025-07-23 07:27:28,923 [DEBUG] PIL.Image: Importing ImtImagePlugin
2025-07-23 07:27:28,940 [DEBUG] PIL.Image: Importing IptcImagePlugin
2025-07-23 07:27:28,950 [DEBUG] PIL.Image: Importing JpegImagePlugin
2025-07-23 07:27:28,951 [DEBUG] PIL.Image: Importing Jpeg2KImagePlugin
2025-07-23 07:27:28,952 [DEBUG] PIL.Image: Importing McIdasImagePlugin
2025-07-23 07:27:28,962 [DEBUG] PIL.Image: Importing MicImagePlugin
2025-07-23 07:27:28,985 [DEBUG] PIL.Image: Image: failed to import MicImagePlugin: No module named 'olefile'
2025-07-23 07:27:28,985 [DEBUG] PIL.Image: Importing MpegImagePlugin
2025-07-23 07:27:28,987 [DEBUG] PIL.Image: Importing MpoImagePlugin
2025-07-23 07:27:29,009 [DEBUG] PIL.Image: Importing MspImagePlugin
2025-07-23 07:27:29,017 [DEBUG] PIL.Image: Importing PalmImagePlugin
2025-07-23 07:27:29,034 [DEBUG] PIL.Image: Importing PcdImagePlugin
2025-07-23 07:27:29,037 [DEBUG] PIL.Image: Importing PcxImagePlugin
2025-07-23 07:27:29,037 [DEBUG] PIL.Image: Importing PdfImagePlugin
2025-07-23 07:27:29,061 [DEBUG] PIL.Image: Importing PixarImagePlugin
2025-07-23 07:27:29,071 [DEBUG] PIL.Image: Importing PngImagePlugin
2025-07-23 07:27:29,071 [DEBUG] PIL.Image: Importing PpmImagePlugin
2025-07-23 07:27:29,071 [DEBUG] PIL.Image: Importing PsdImagePlugin
2025-07-23 07:27:29,073 [DEBUG] PIL.Image: Importing QoiImagePlugin
2025-07-23 07:27:29,078 [DEBUG] PIL.Image: Importing SgiImagePlugin
2025-07-23 07:27:29,084 [DEBUG] PIL.Image: Importing SpiderImagePlugin
2025-07-23 07:27:29,086 [DEBUG] PIL.Image: Importing SunImagePlugin
2025-07-23 07:27:29,087 [DEBUG] PIL.Image: Importing TgaImagePlugin
2025-07-23 07:27:29,089 [DEBUG] PIL.Image: Importing TiffImagePlugin
2025-07-23 07:27:29,089 [DEBUG] PIL.Image: Importing WebPImagePlugin
2025-07-23 07:27:29,140 [DEBUG] PIL.Image: Importing WmfImagePlugin
2025-07-23 07:27:29,143 [DEBUG] PIL.Image: Importing XbmImagePlugin
2025-07-23 07:27:29,148 [DEBUG] PIL.Image: Importing XpmImagePlugin
2025-07-23 07:27:29,150 [DEBUG] PIL.Image: Importing XVThumbImagePlugin
2025-07-23 07:27:29,157 [DEBUG] pytesseract: ['C:\\Program Files\\Tesseract-OCR\\tesseract.exe', 'C:\\Users\\Admin\\AppData\\Local\\Temp\\tess_quoulfu4.bmp', 'C:\\Users\\Admin\\AppData\\Local\\Temp\\tess_rag1rwtp', '--psm', '6', '-c', 'tessedit_char_whitelist=ABCDEFGHIJKLMNOPQRSTUVWXYZ0123456789><', '-c', 'load_system_dawg=F', '-c', 'load_freq_dawg=F', 'txt']
